2018-08-05 19:29:09 INFO  org.intermine.modelproduction.ModelMerger  [] - removing collection evidence redefinition in org.intermine.model.bio.AnatAnnotation (is now defined in org.intermine.model.bio.OntologyAnnotation)
2018-08-05 19:35:53 INFO  org.intermine.modelproduction.ModelMerger  [] - removing collection evidence redefinition in org.intermine.model.bio.GOAnnotation (is now defined in org.intermine.model.bio.OntologyAnnotation)
2018-08-05 19:36:17 INFO  org.intermine.modelproduction.ModelMerger  [] - removing attribute name redefinition in org.intermine.model.bio.ProteinDomain (is now defined in org.intermine.model.bio.BioEntity)
2018-08-05 19:36:39 INFO  org.intermine.modelproduction.ModelMerger  [] - removing attribute name redefinition in org.intermine.model.bio.ProteinDomain (is now defined in org.intermine.model.bio.BioEntity)
2018-08-05 19:37:05 INFO  org.intermine.modelproduction.ModelMerger  [] - removing attribute name redefinition in org.intermine.model.bio.ProteinDomain (is now defined in org.intermine.model.bio.BioEntity)
2018-08-05 19:37:27 INFO  org.intermine.modelproduction.ModelMerger  [] - removing attribute name redefinition in org.intermine.model.bio.ProteinDomain (is now defined in org.intermine.model.bio.BioEntity)
2018-08-05 19:37:50 INFO  org.intermine.modelproduction.ModelMerger  [] - removing attribute name redefinition in org.intermine.model.bio.ProteinDomain (is now defined in org.intermine.model.bio.BioEntity)
2018-08-05 19:38:57 INFO  org.intermine.modelproduction.ModelMerger  [] - removing attribute name redefinition in org.intermine.model.bio.ProteinDomain (is now defined in org.intermine.model.bio.BioEntity)
2018-08-05 19:39:54 INFO  org.intermine.modelproduction.ModelMerger  [] - removing attribute name redefinition in org.intermine.model.bio.ProteinDomain (is now defined in org.intermine.model.bio.BioEntity)
2018-08-05 19:40:01 INFO  org.intermine.modelproduction.ModelMerger  [] - removing collection crossReferences redefinition in org.intermine.model.bio.UberonTerm (is now defined in org.intermine.model.bio.OntologyTerm)
2018-08-05 19:40:02 INFO  org.intermine.modelproduction.ModelMerger  [] - removing collection evidence redefinition in org.intermine.model.bio.GOAnnotation (is now defined in org.intermine.model.bio.OntologyAnnotation)
2018-08-05 19:40:24 INFO  org.intermine.modelproduction.ModelMerger  [] - removing attribute name redefinition in org.intermine.model.bio.ProteinDomain (is now defined in org.intermine.model.bio.BioEntity)
2018-08-05 19:40:28 INFO  org.intermine.modelproduction.ModelMerger  [] - removing collection crossReferences redefinition in org.intermine.model.bio.UberonTerm (is now defined in org.intermine.model.bio.OntologyTerm)
2018-08-05 19:40:29 INFO  org.intermine.modelproduction.ModelMerger  [] - removing collection evidence redefinition in org.intermine.model.bio.GOAnnotation (is now defined in org.intermine.model.bio.OntologyAnnotation)
2018-08-05 19:41:25 INFO  org.intermine.modelproduction.ModelMerger  [] - removing attribute name redefinition in org.intermine.model.bio.ProteinDomain (is now defined in org.intermine.model.bio.BioEntity)
2018-08-05 19:41:30 INFO  org.intermine.modelproduction.ModelMerger  [] - removing collection crossReferences redefinition in org.intermine.model.bio.UberonTerm (is now defined in org.intermine.model.bio.OntologyTerm)
2018-08-05 19:41:30 INFO  org.intermine.modelproduction.ModelMerger  [] - removing collection evidence redefinition in org.intermine.model.bio.GOAnnotation (is now defined in org.intermine.model.bio.OntologyAnnotation)
2018-08-05 19:41:32 INFO  org.intermine.modelproduction.ModelMerger  [] - removing attribute primaryIdentifier redefinition in org.intermine.model.bio.Strain (is now defined in org.intermine.model.bio.Annotatable)
2018-08-05 19:41:59 INFO  org.intermine.modelproduction.ModelMerger  [] - removing attribute name redefinition in org.intermine.model.bio.ProteinDomain (is now defined in org.intermine.model.bio.BioEntity)
2018-08-05 19:42:04 INFO  org.intermine.modelproduction.ModelMerger  [] - removing collection crossReferences redefinition in org.intermine.model.bio.UberonTerm (is now defined in org.intermine.model.bio.OntologyTerm)
2018-08-05 19:42:05 INFO  org.intermine.modelproduction.ModelMerger  [] - removing collection evidence redefinition in org.intermine.model.bio.GOAnnotation (is now defined in org.intermine.model.bio.OntologyAnnotation)
2018-08-05 19:42:05 INFO  org.intermine.modelproduction.ModelMerger  [] - removing attribute primaryIdentifier redefinition in org.intermine.model.bio.Strain (is now defined in org.intermine.model.bio.Annotatable)
